<?xml version="1.0" encoding="UTF-8"?>
<testsuite xmlns:xsi="http://www.w3.org/2001/XMLSchema-instance" xsi:schemaLocation="https://maven.apache.org/surefire/maven-surefire-plugin/xsd/surefire-test-report.xsd" name="TestSuite" time="40.454" tests="1" errors="0" skipped="1" failures="0">
  <properties>
[...]
</properties>
  <testcase name="runScenario" classname="com.automation.cucumber_test.Runner" time="0">
    <skipped message="cucumber.api.PendingException: TODO: implement me&#10;	at com.cucumbar.sample.fcc.page_gets_launched(fcc.java:55)&#10;	at ✽.Page gets launched(file:features/fcc_16392.feature:8)&#10;"/>
    <system-out><![CDATA[...
... TestNG 6.14.3 by Cédric Beust (cedric@beust.com)
...

....start of slap.........
----------------------mainWindow----
......after switch 1...-----
....end of slap.........
]]></system-out>
    <system-err><![CDATA[Feb 14, 2020 6:34:12 PM cucumber.runtime.model.FeatureBuilder parse
WARNING: Duplicate feature ignored. file:features/fcc_16394.feature was identical to file:features/fcc_16392.feature
SLF4J: Failed to load class "org.slf4j.impl.StaticLoggerBinder".
SLF4J: Defaulting to no-operation (NOP) logger implementation
SLF4J: See http://www.slf4j.org/codes.html#StaticLoggerBinder for further details.
Feb 14, 2020 6:34:12 PM java.util.prefs.WindowsPreferences <init>
WARNING: Could not open/create prefs root node Software\JavaSoft\Prefs at root 0x80000002. Windows RegCreateKeyEx(...) returned error code 5.
log4j:WARN No appenders could be found for logger (com.tavant.automationFramework.base.DriverFactory).
log4j:WARN Please initialize the log4j system properly.
log4j:WARN See http://logging.apache.org/log4j/1.2/faq.html#noconfig for more info.
Starting ChromeDriver 79.0.3945.36 (3582db32b33893869b8c1339e8f4d9ed1816f143-refs/branch-heads/3945@{#614}) on port 31050
Only local connections are allowed.
Please protect ports used by ChromeDriver and related test frameworks to prevent access by malicious code.
[1581685456.868][WARNING]: Timed out connecting to Chrome, retrying...
Feb 14, 2020 6:34:18 PM org.openqa.selenium.remote.ProtocolHandshake createSession
INFO: Detected dialect: W3C
[1581685460.930][WARNING]: Timed out connecting to Chrome, retrying...
Starting ChromeDriver 79.0.3945.36 (3582db32b33893869b8c1339e8f4d9ed1816f143-refs/branch-heads/3945@{#614}) on port 20526
Only local connections are allowed.
Please protect ports used by ChromeDriver and related test frameworks to prevent access by malicious code.
[1581685466.198][WARNING]: Timed out connecting to Chrome, retrying...
Feb 14, 2020 6:34:28 PM org.openqa.selenium.remote.ProtocolHandshake createSession
INFO: Detected dialect: W3C
[1581685476.193][WARNING]: Timed out connecting to Chrome, retrying...
[1581685487.529][WARNING]: Timed out connecting to Chrome, retrying...
]]></system-err>
  </testcase>
</testsuite>